{
"contracts/mock/VRFCoordinatorV2Mock.sol":{"l":{},"path":"/Users/bami/Documents/smart-contract-raffle/contracts/mock/VRFCoordinatorV2Mock.sol","s":{},"b":{},"f":{},"fnMap":{},"statementMap":{},"branchMap":{}},
"contracts/Raffle.sol":{"l":{"80":3,"81":3,"82":3,"83":3,"84":3,"85":3,"86":3,"87":3,"92":3,"93":1,"96":2,"97":0,"99":2,"102":2,"127":0,"128":0,"129":0,"130":0,"131":0,"132":0,"145":0,"146":0,"147":0,"156":0,"157":0,"164":0,"174":0,"175":0,"176":0,"177":0,"178":0,"179":0,"181":0,"185":0,"186":0,"188":0,"199":0,"203":3,"207":1,"211":0,"215":0,"219":3,"223":0,"227":0,"231":0},"path":"/Users/bami/Documents/smart-contract-raffle/contracts/Raffle.sol","s":{"1":3,"2":2,"3":2,"4":2,"5":0,"6":0,"7":0,"8":0,"9":0,"10":0,"11":0,"12":0,"13":0,"14":0,"15":0,"16":0,"17":0,"18":0,"19":0,"20":3,"21":1,"22":0,"23":0,"24":3,"25":0,"26":0,"27":0},"b":{"1":[1,2],"2":[0,2],"3":[0,0],"4":[0,0]},"f":{"1":3,"2":3,"3":0,"4":0,"5":0,"6":0,"7":3,"8":1,"9":0,"10":0,"11":3,"12":0,"13":0,"14":0},"fnMap":{"1":{"name":"constructor","line":79,"loc":{"start":{"line":71,"column":4},"end":{"line":88,"column":4}}},"2":{"name":"enterRaffle","line":90,"loc":{"start":{"line":90,"column":4},"end":{"line":103,"column":4}}},"3":{"name":"checkUpkeep","line":115,"loc":{"start":{"line":115,"column":4},"end":{"line":134,"column":4}}},"4":{"name":"performUpkeep","line":142,"loc":{"start":{"line":142,"column":4},"end":{"line":165,"column":4}}},"5":{"name":"fulfillRandomWords","line":169,"loc":{"start":{"line":169,"column":4},"end":{"line":189,"column":4}}},"6":{"name":"getRaffleState","line":198,"loc":{"start":{"line":198,"column":4},"end":{"line":200,"column":4}}},"7":{"name":"getEntraceFee","line":202,"loc":{"start":{"line":202,"column":4},"end":{"line":204,"column":4}}},"8":{"name":"getPlayer","line":206,"loc":{"start":{"line":206,"column":4},"end":{"line":208,"column":4}}},"9":{"name":"getRecentWinner","line":210,"loc":{"start":{"line":210,"column":4},"end":{"line":212,"column":4}}},"10":{"name":"getLastTimeStamp","line":214,"loc":{"start":{"line":214,"column":4},"end":{"line":216,"column":4}}},"11":{"name":"getInterval","line":218,"loc":{"start":{"line":218,"column":4},"end":{"line":220,"column":4}}},"12":{"name":"getNumWords","line":222,"loc":{"start":{"line":222,"column":4},"end":{"line":224,"column":4}}},"13":{"name":"getRequestConfirmations","line":226,"loc":{"start":{"line":226,"column":4},"end":{"line":228,"column":4}}},"14":{"name":"getNumberOfPlayers","line":230,"loc":{"start":{"line":230,"column":4},"end":{"line":232,"column":4}}}},"statementMap":{"1":{"start":{"line":92,"column":8},"end":{"line":92,"column":3359}},"2":{"start":{"line":96,"column":8},"end":{"line":96,"column":3454}},"3":{"start":{"line":99,"column":8},"end":{"line":99,"column":42}},"4":{"start":{"line":102,"column":8},"end":{"line":102,"column":36}},"5":{"start":{"line":127,"column":8},"end":{"line":127,"column":55}},"6":{"start":{"line":128,"column":8},"end":{"line":128,"column":51}},"7":{"start":{"line":129,"column":8},"end":{"line":129,"column":46}},"8":{"start":{"line":130,"column":8},"end":{"line":130,"column":76}},"9":{"start":{"line":132,"column":8},"end":{"line":132,"column":36}},"10":{"start":{"line":145,"column":8},"end":{"line":145,"column":47}},"11":{"start":{"line":146,"column":8},"end":{"line":146,"column":5308}},"12":{"start":{"line":157,"column":8},"end":{"line":157,"column":5806}},"13":{"start":{"line":164,"column":8},"end":{"line":164,"column":45}},"14":{"start":{"line":174,"column":8},"end":{"line":174,"column":65}},"15":{"start":{"line":175,"column":8},"end":{"line":175,"column":63}},"16":{"start":{"line":181,"column":8},"end":{"line":181,"column":7171}},"17":{"start":{"line":185,"column":8},"end":{"line":185,"column":7278}},"18":{"start":{"line":188,"column":8},"end":{"line":188,"column":39}},"19":{"start":{"line":199,"column":8},"end":{"line":199,"column":28}},"20":{"start":{"line":203,"column":8},"end":{"line":203,"column":28}},"21":{"start":{"line":207,"column":8},"end":{"line":207,"column":31}},"22":{"start":{"line":211,"column":8},"end":{"line":211,"column":29}},"23":{"start":{"line":215,"column":8},"end":{"line":215,"column":30}},"24":{"start":{"line":219,"column":8},"end":{"line":219,"column":25}},"25":{"start":{"line":223,"column":8},"end":{"line":223,"column":24}},"26":{"start":{"line":227,"column":8},"end":{"line":227,"column":36}},"27":{"start":{"line":231,"column":8},"end":{"line":231,"column":31}}},"branchMap":{"1":{"line":92,"type":"if","locations":[{"start":{"line":92,"column":8},"end":{"line":92,"column":8}},{"start":{"line":92,"column":8},"end":{"line":92,"column":8}}]},"2":{"line":96,"type":"if","locations":[{"start":{"line":96,"column":8},"end":{"line":96,"column":8}},{"start":{"line":96,"column":8},"end":{"line":96,"column":8}}]},"3":{"line":146,"type":"if","locations":[{"start":{"line":146,"column":8},"end":{"line":146,"column":8}},{"start":{"line":146,"column":8},"end":{"line":146,"column":8}}]},"4":{"line":185,"type":"if","locations":[{"start":{"line":185,"column":8},"end":{"line":185,"column":8}},{"start":{"line":185,"column":8},"end":{"line":185,"column":8}}]}}}}
