TN:
SF:/Users/bami/Documents/smart-contract-raffle/contracts/mock/VRFCoordinatorV2Mock.sol
FNF:0
FNH:0
LF:0
LH:0
BRF:0
BRH:0
end_of_record
TN:
SF:/Users/bami/Documents/smart-contract-raffle/contracts/Raffle.sol
FN:79,constructor
FN:90,enterRaffle
FN:115,checkUpkeep
FN:142,performUpkeep
FN:169,fulfillRandomWords
FN:198,getRaffleState
FN:202,getEntraceFee
FN:206,getPlayer
FN:210,getRecentWinner
FN:214,getLastTimeStamp
FN:218,getInterval
FN:222,getNumWords
FN:226,getRequestConfirmations
FN:230,getNumberOfPlayers
FNF:14
FNH:5
FNDA:3,constructor
FNDA:3,enterRaffle
FNDA:0,checkUpkeep
FNDA:0,performUpkeep
FNDA:0,fulfillRandomWords
FNDA:0,getRaffleState
FNDA:3,getEntraceFee
FNDA:1,getPlayer
FNDA:0,getRecentWinner
FNDA:0,getLastTimeStamp
FNDA:3,getInterval
FNDA:0,getNumWords
FNDA:0,getRequestConfirmations
FNDA:0,getNumberOfPlayers
DA:80,3
DA:81,3
DA:82,3
DA:83,3
DA:84,3
DA:85,3
DA:86,3
DA:87,3
DA:92,3
DA:93,1
DA:96,2
DA:97,0
DA:99,2
DA:102,2
DA:127,0
DA:128,0
DA:129,0
DA:130,0
DA:131,0
DA:132,0
DA:145,0
DA:146,0
DA:147,0
DA:156,0
DA:157,0
DA:164,0
DA:174,0
DA:175,0
DA:176,0
DA:177,0
DA:178,0
DA:179,0
DA:181,0
DA:185,0
DA:186,0
DA:188,0
DA:199,0
DA:203,3
DA:207,1
DA:211,0
DA:215,0
DA:219,3
DA:223,0
DA:227,0
DA:231,0
LF:45
LH:16
BRDA:92,1,0,1
BRDA:92,1,1,2
BRDA:96,2,0,0
BRDA:96,2,1,2
BRDA:146,3,0,0
BRDA:146,3,1,0
BRDA:185,4,0,0
BRDA:185,4,1,0
BRF:8
BRH:3
end_of_record
